Started at Sat Dec 03 11:15:13 UTC 2022
Processing dectwo
Offering dectwo to Project Build Discarder
Processing firstpipeline
Offering firstpipeline to Project Build Discarder
Processing jobtwo
Offering jobtwo to Project Build Discarder
Processing projectnew
Offering projectnew to Project Build Discarder
Finished at Sat Dec 03 11:15:13 UTC 2022. 48ms
Started at Sat Dec 03 12:15:13 UTC 2022
Processing dectwo
Offering dectwo to Project Build Discarder
Processing firstpipeline
Offering firstpipeline to Project Build Discarder
Processing jenkinsbackup
Offering jenkinsbackup to Project Build Discarder
Processing jobtwo
Offering jobtwo to Project Build Discarder
Processing projectnew
Offering projectnew to Project Build Discarder
Finished at Sat Dec 03 12:15:13 UTC 2022. 40ms
Started at Sat Dec 03 13:15:15 UTC 2022
Processing dectwo
Offering dectwo to Project Build Discarder
Processing firstpipeline
Offering firstpipeline to Project Build Discarder
Processing jenkinsbackup
Offering jenkinsbackup to Project Build Discarder
Processing jobtwo
Offering jobtwo to Project Build Discarder
Processing projectnew
Offering projectnew to Project Build Discarder
Finished at Sat Dec 03 13:15:17 UTC 2022. 1284ms
